[INFO ] 2023-10-25 22:16:49.050 [main] FastParkingAdmin - Verify total registered user count Starting//////////
[INFO ] 2023-10-25 22:16:49.052 [main] FastParkingAdmin - Logging in admin
[INFO ] 2023-10-25 22:16:50.111 [main] FastParkingAdmin - Login success
[INFO ] 2023-10-25 22:19:59.260 [main] FastParkingAdmin - Verify total registered user count Starting//////////
[INFO ] 2023-10-25 22:19:59.261 [main] FastParkingAdmin - Logging in admin
[INFO ] 2023-10-25 22:20:00.016 [main] FastParkingAdmin - Login success
[INFO ] 2023-10-25 22:23:22.535 [main] FastParkingAdmin - Verify total registered user count Starting//////////
[INFO ] 2023-10-25 22:23:22.537 [main] FastParkingAdmin - Logging in admin
[INFO ] 2023-10-25 22:23:23.300 [main] FastParkingAdmin - Login success
[INFO ] 2023-10-25 23:30:19.740 [main] FastParkingAdmin - Verify total registered user count Starting//////////
[INFO ] 2023-10-25 23:30:19.769 [main] FastParkingAdmin - Logging in admin
[INFO ] 2023-10-25 23:30:20.510 [main] FastParkingAdmin - Login success
[INFO ] 2023-10-25 23:32:28.422 [main] FastParkingAdmin - Verify total registered user count Starting//////////
[INFO ] 2023-10-25 23:32:28.423 [main] FastParkingAdmin - Logging in admin
[INFO ] 2023-10-25 23:32:29.087 [main] FastParkingAdmin - Login success
[INFO ] 2023-10-25 23:36:07.977 [main] FastParkingAdmin - Verify total registered user count Starting//////////
[INFO ] 2023-10-25 23:36:07.980 [main] FastParkingAdmin - Logging in admin
[INFO ] 2023-10-25 23:36:08.756 [main] FastParkingAdmin - Login success
[INFO ] 2023-10-25 23:39:15.155 [main] FastParkingAdmin - Verify total registered user count Starting//////////
[INFO ] 2023-10-25 23:39:15.157 [main] FastParkingAdmin - Logging in admin
[INFO ] 2023-10-25 23:39:15.805 [main] FastParkingAdmin - Login success
[INFO ] 2023-10-25 23:40:53.833 [main] FastParkingAdmin - Verify total registered user count Starting//////////
[INFO ] 2023-10-25 23:40:53.834 [main] FastParkingAdmin - Logging in admin
[INFO ] 2023-10-25 23:40:54.484 [main] FastParkingAdmin - Login success
[INFO ] 2023-10-25 23:43:17.816 [main] FastParkingAdmin - Verify total registered user count Starting//////////
[INFO ] 2023-10-25 23:43:17.818 [main] FastParkingAdmin - Logging in admin
[INFO ] 2023-10-25 23:43:18.840 [main] FastParkingAdmin - Login success
[INFO ] 2023-10-25 23:57:19.843 [main] FastParkingAdmin - Verify total registered user count Starting//////////
[INFO ] 2023-10-25 23:57:19.844 [main] FastParkingAdmin - Logging in admin
[INFO ] 2023-10-25 23:57:20.877 [main] FastParkingAdmin - Login success
[INFO ] 2023-10-25 23:58:15.884 [main] FastParkingAdmin - Verify total registered user count Starting//////////
[INFO ] 2023-10-25 23:58:15.885 [main] FastParkingAdmin - Logging in admin
[INFO ] 2023-10-25 23:58:16.667 [main] FastParkingAdmin - Login success
[INFO ] 2023-10-25 23:59:18.131 [main] FastParkingAdmin - Verify total registered user count Starting//////////
[INFO ] 2023-10-25 23:59:18.134 [main] FastParkingAdmin - Logging in admin
[INFO ] 2023-10-25 23:59:19.027 [main] FastParkingAdmin - Login success
[INFO ] 2023-10-26 00:03:51.310 [main] FastParkingAdmin - Verify total registered user count Starting//////////
[INFO ] 2023-10-26 00:03:51.311 [main] FastParkingAdmin - Logging in admin
[INFO ] 2023-10-26 00:03:52.047 [main] FastParkingAdmin - Login success
[INFO ] 2023-10-26 00:07:08.896 [main] FastParkingAdmin - Verify total registered user count Starting//////////
[INFO ] 2023-10-26 00:07:08.897 [main] FastParkingAdmin - Logging in admin
[INFO ] 2023-10-26 00:07:09.717 [main] FastParkingAdmin - Login success
[INFO ] 2023-10-26 00:10:16.677 [main] FastParkingAdmin - Verify total registered user count Starting//////////
[INFO ] 2023-10-26 00:10:16.681 [main] FastParkingAdmin - Logging in admin
[INFO ] 2023-10-26 00:10:17.361 [main] FastParkingAdmin - Login success
[INFO ] 2023-10-26 00:13:11.547 [main] FastParkingAdmin - Verify total registered user count Starting//////////
[INFO ] 2023-10-26 00:13:11.550 [main] FastParkingAdmin - Logging in admin
[INFO ] 2023-10-26 00:13:12.222 [main] FastParkingAdmin - Login success
[INFO ] 2023-10-26 00:18:11.924 [main] FastParkingAdmin - Verify total registered user count Starting//////////
[INFO ] 2023-10-26 00:18:11.925 [main] FastParkingAdmin - Logging in admin
[INFO ] 2023-10-26 00:18:12.645 [main] FastParkingAdmin - Login success
[INFO ] 2023-10-26 00:23:06.706 [main] FastParkingAdmin - Verify total registered user count Starting//////////
[INFO ] 2023-10-26 00:23:06.708 [main] FastParkingAdmin - Logging in admin
[INFO ] 2023-10-26 00:23:07.103 [main] FastParkingAdmin - Login success
[INFO ] 2023-10-26 00:32:17.819 [main] FastParkingAdmin - Verify total registered user count Starting//////////
[INFO ] 2023-10-26 00:32:17.826 [main] FastParkingAdmin - Logging in admin
[INFO ] 2023-10-26 00:32:18.176 [main] FastParkingAdmin - Login success
[INFO ] 2023-10-26 00:34:47.173 [main] FastParkingAdmin - Verify total registered user count Starting//////////
[INFO ] 2023-10-26 00:34:47.174 [main] FastParkingAdmin - Logging in admin
[INFO ] 2023-10-26 00:34:47.562 [main] FastParkingAdmin - Login success
[INFO ] 2023-10-26 20:13:49.000 [main] FastParkingAdmin - Verify total registered user count Starting//////////
[INFO ] 2023-10-26 20:13:49.034 [main] FastParkingAdmin - Logging in admin
[INFO ] 2023-10-26 20:13:49.672 [main] FastParkingAdmin - Login success
[INFO ] 2023-10-26 20:14:51.429 [main] FastParkingAdmin - Verify total registered user count Starting//////////
[INFO ] 2023-10-26 20:14:51.430 [main] FastParkingAdmin - Logging in admin
[INFO ] 2023-10-26 20:14:51.786 [main] FastParkingAdmin - Login success
[INFO ] 2023-10-26 20:51:33.908 [main] FastParkingAdmin - Verify total registered user count Starting//////////
[INFO ] 2023-10-26 20:51:33.923 [main] FastParkingAdmin - Logging in admin
[INFO ] 2023-10-26 20:51:34.223 [main] FastParkingAdmin - Login success
[INFO ] 2023-10-26 22:05:36.409 [main] FastParkingAdmin - Verify total registered user count Starting//////////
[INFO ] 2023-10-26 22:05:36.507 [main] FastParkingAdmin - Logging in admin
[INFO ] 2023-10-26 22:05:36.942 [main] FastParkingAdmin - Login success
[INFO ] 2023-10-26 22:05:57.135 [main] FastParkingAdmin - Verify total registered user count Starting//////////
[INFO ] 2023-10-26 22:05:57.135 [main] FastParkingAdmin - Logging in admin
[INFO ] 2023-10-26 22:05:57.366 [main] FastParkingAdmin - Login success
[INFO ] 2023-10-26 22:06:17.456 [main] FastParkingAdmin - Verify total registered user count Starting//////////
[INFO ] 2023-10-26 22:06:17.457 [main] FastParkingAdmin - Logging in admin
[INFO ] 2023-10-26 22:06:17.720 [main] FastParkingAdmin - Login success
[INFO ] 2023-10-26 22:06:37.792 [main] FastParkingAdmin - Verify total registered user count Starting//////////
[INFO ] 2023-10-26 22:06:37.792 [main] FastParkingAdmin - Logging in admin
[INFO ] 2023-10-26 22:06:38.567 [main] FastParkingAdmin - Verify total registered user count Starting//////////
[INFO ] 2023-10-26 22:06:38.569 [main] FastParkingAdmin - Logging in admin
[INFO ] 2023-10-26 22:06:39.020 [main] FastParkingAdmin - Login success
[INFO ] 2023-10-26 22:06:39.162 [main] FastParkingAdmin - Login success
[INFO ] 2023-10-26 22:06:56.530 [main] FastParkingAdmin - Verify total registered user count Starting//////////
[INFO ] 2023-10-26 22:06:56.530 [main] FastParkingAdmin - Logging in admin
[INFO ] 2023-10-26 22:06:59.065 [main] FastParkingAdmin - Verify total registered user count Starting//////////
[INFO ] 2023-10-26 22:06:59.066 [main] FastParkingAdmin - Logging in admin
[INFO ] 2023-10-26 22:06:59.347 [main] FastParkingAdmin - Login success
[INFO ] 2023-10-26 22:07:06.570 [main] FastParkingAdmin - Verify total registered user count Starting//////////
[INFO ] 2023-10-26 22:07:06.570 [main] FastParkingAdmin - Logging in admin
[INFO ] 2023-10-26 22:07:16.588 [main] FastParkingAdmin - Verify total registered user count Starting//////////
[INFO ] 2023-10-26 22:07:16.588 [main] FastParkingAdmin - Logging in admin
[INFO ] 2023-10-26 22:07:18.865 [main] FastParkingAdmin - Verify total registered user count Starting//////////
[INFO ] 2023-10-26 22:07:18.866 [main] FastParkingAdmin - Logging in admin
[INFO ] 2023-10-26 22:54:52.527 [main] FastParkingAdmin - Verify total registered user count Starting//////////
[INFO ] 2023-10-26 22:54:52.538 [main] FastParkingAdmin - Logging in admin
[INFO ] 2023-10-26 22:54:53.306 [main] FastParkingAdmin - Login success
[INFO ] 2023-10-26 22:55:13.203 [main] FastParkingAdmin - Verify total registered user count Starting//////////
[INFO ] 2023-10-26 22:55:13.203 [main] FastParkingAdmin - Logging in admin
[INFO ] 2023-10-26 22:55:23.292 [main] FastParkingAdmin - Verify total registered user count Starting//////////
[INFO ] 2023-10-26 22:55:23.292 [main] FastParkingAdmin - Logging in admin
[INFO ] 2023-10-26 22:55:33.371 [main] FastParkingAdmin - Verify total registered user count Starting//////////
[INFO ] 2023-10-26 22:55:33.371 [main] FastParkingAdmin - Logging in admin
[INFO ] 2023-10-26 22:55:43.444 [main] FastParkingAdmin - Verify total registered user count Starting//////////
[INFO ] 2023-10-26 22:55:43.444 [main] FastParkingAdmin - Logging in admin
[INFO ] 2023-10-26 23:00:25.565 [main] FastParkingAdmin - Verify total registered user count Starting//////////
[INFO ] 2023-10-26 23:00:25.565 [main] FastParkingAdmin - Logging in admin
[INFO ] 2023-10-26 23:00:26.240 [main] FastParkingAdmin - Login success
[INFO ] 2023-10-26 23:00:46.112 [main] FastParkingAdmin - Verify total registered user count Starting//////////
[INFO ] 2023-10-26 23:00:46.112 [main] FastParkingAdmin - Logging in admin
[INFO ] 2023-10-26 23:00:49.381 [main] FastParkingAdmin - Verify total registered user count Starting//////////
[INFO ] 2023-10-26 23:00:49.386 [main] FastParkingAdmin - Logging in admin
[INFO ] 2023-10-26 23:00:49.478 [main] FastParkingAdmin - Verify total registered user count Starting//////////
[INFO ] 2023-10-26 23:00:49.478 [main] FastParkingAdmin - Logging in admin
[INFO ] 2023-10-26 23:00:49.529 [main] FastParkingAdmin - Verify total registered user count Starting//////////
[INFO ] 2023-10-26 23:00:49.533 [main] FastParkingAdmin - Logging in admin
[INFO ] 2023-10-26 23:01:32.293 [main] FastParkingAdmin - Verify total registered user count Starting//////////
[INFO ] 2023-10-26 23:01:32.294 [main] FastParkingAdmin - Logging in admin
[INFO ] 2023-10-26 23:01:33.032 [main] FastParkingAdmin - Login success
[INFO ] 2023-10-26 23:01:52.637 [main] FastParkingAdmin - Verify total registered user count Starting//////////
[INFO ] 2023-10-26 23:01:52.637 [main] FastParkingAdmin - Logging in admin
[INFO ] 2023-10-26 23:01:58.868 [main] FastParkingAdmin - Verify total registered user count Starting//////////
[INFO ] 2023-10-26 23:01:58.868 [main] FastParkingAdmin - Logging in admin
[INFO ] 2023-10-26 23:01:58.963 [main] FastParkingAdmin - Verify total registered user count Starting//////////
[INFO ] 2023-10-26 23:01:58.963 [main] FastParkingAdmin - Logging in admin
[INFO ] 2023-10-26 23:01:59.003 [main] FastParkingAdmin - Verify total registered user count Starting//////////
[INFO ] 2023-10-26 23:01:59.004 [main] FastParkingAdmin - Logging in admin
[INFO ] 2023-10-26 23:03:43.026 [main] FastParkingAdmin - Verify total registered user count Starting//////////
[INFO ] 2023-10-26 23:03:43.028 [main] FastParkingAdmin - Logging in admin
[INFO ] 2023-10-26 23:03:43.758 [main] FastParkingAdmin - Login success
[INFO ] 2023-10-26 23:04:03.301 [main] FastParkingAdmin - Verify total registered user count Starting//////////
[INFO ] 2023-10-26 23:04:03.301 [main] FastParkingAdmin - Logging in admin
[INFO ] 2023-10-26 23:04:13.423 [main] FastParkingAdmin - Verify total registered user count Starting//////////
[INFO ] 2023-10-26 23:04:13.423 [main] FastParkingAdmin - Logging in admin
[INFO ] 2023-10-26 23:04:23.535 [main] FastParkingAdmin - Verify total registered user count Starting//////////
[INFO ] 2023-10-26 23:04:23.535 [main] FastParkingAdmin - Logging in admin
[INFO ] 2023-10-26 23:04:33.614 [main] FastParkingAdmin - Verify total registered user count Starting//////////
[INFO ] 2023-10-26 23:04:33.615 [main] FastParkingAdmin - Logging in admin
[INFO ] 2023-10-26 23:05:48.577 [main] FastParkingAdmin - Verify total registered user count Starting//////////
[INFO ] 2023-10-26 23:05:48.577 [main] FastParkingAdmin - Logging in admin
[INFO ] 2023-10-26 23:05:49.338 [main] FastParkingAdmin - Login success
[INFO ] 2023-10-26 23:06:02.498 [main] FastParkingAdmin - Verify total registered user count Starting//////////
[INFO ] 2023-10-26 23:06:02.498 [main] FastParkingAdmin - Logging in admin
[INFO ] 2023-10-26 23:06:02.976 [main] FastParkingAdmin - Login success
[INFO ] 2023-10-26 23:06:21.444 [main] FastParkingAdmin - Verify total registered user count Starting//////////
[INFO ] 2023-10-26 23:06:21.444 [main] FastParkingAdmin - Logging in admin
[INFO ] 2023-10-26 23:06:21.987 [main] FastParkingAdmin - Login success
[INFO ] 2023-10-26 23:06:40.941 [main] FastParkingAdmin - Verify total registered user count Starting//////////
[INFO ] 2023-10-26 23:06:40.943 [main] FastParkingAdmin - Logging in admin
[INFO ] 2023-10-26 23:06:41.585 [main] FastParkingAdmin - Login success
[INFO ] 2023-10-26 23:06:50.729 [main] FastParkingAdmin - Verify total registered user count Starting//////////
[INFO ] 2023-10-26 23:06:50.729 [main] FastParkingAdmin - Logging in admin
[INFO ] 2023-10-26 23:06:51.642 [main] FastParkingAdmin - Login success
[INFO ] 2023-10-27 00:05:42.094 [main] FastParkingAdmin - Verify total registered user count Starting//////////
[INFO ] 2023-10-27 00:05:42.105 [main] FastParkingAdmin - Logging in admin
[INFO ] 2023-10-27 00:05:42.472 [main] FastParkingAdmin - Login success
[INFO ] 2023-10-27 00:05:58.423 [main] FastParkingAdmin - Verify total registered user count Starting//////////
[INFO ] 2023-10-27 00:05:58.424 [main] FastParkingAdmin - Logging in admin
[INFO ] 2023-10-27 00:06:08.482 [main] FastParkingAdmin - Verify total registered user count Starting//////////
[INFO ] 2023-10-27 00:06:08.483 [main] FastParkingAdmin - Logging in admin
[INFO ] 2023-10-27 00:06:18.550 [main] FastParkingAdmin - Verify total registered user count Starting//////////
[INFO ] 2023-10-27 00:06:18.550 [main] FastParkingAdmin - Logging in admin
[INFO ] 2023-10-27 00:06:28.612 [main] FastParkingAdmin - Verify total registered user count Starting//////////
[INFO ] 2023-10-27 00:06:28.612 [main] FastParkingAdmin - Logging in admin
[INFO ] 2023-10-27 00:10:08.519 [main] FastParkingAdmin - Verify total registered user count Starting//////////
[INFO ] 2023-10-27 00:10:08.520 [main] FastParkingAdmin - Logging in admin
[INFO ] 2023-10-27 00:10:08.896 [main] FastParkingAdmin - Login success
[INFO ] 2023-10-27 00:10:24.656 [main] FastParkingAdmin - Verify total registered user count Starting//////////
[INFO ] 2023-10-27 00:10:24.657 [main] FastParkingAdmin - Logging in admin
[INFO ] 2023-10-27 00:10:24.930 [main] FastParkingAdmin - Login success
[INFO ] 2023-10-27 00:10:39.701 [main] FastParkingAdmin - Verify total registered user count Starting//////////
[INFO ] 2023-10-27 00:10:39.702 [main] FastParkingAdmin - Logging in admin
[INFO ] 2023-10-27 00:10:39.981 [main] FastParkingAdmin - Login success
[INFO ] 2023-10-27 00:10:54.444 [main] FastParkingAdmin - Verify total registered user count Starting//////////
[INFO ] 2023-10-27 00:10:54.445 [main] FastParkingAdmin - Logging in admin
[INFO ] 2023-10-27 00:10:54.676 [main] FastParkingAdmin - Login success
[INFO ] 2023-10-27 00:11:09.088 [main] FastParkingAdmin - Verify total registered user count Starting//////////
[INFO ] 2023-10-27 00:11:09.089 [main] FastParkingAdmin - Logging in admin
[INFO ] 2023-10-27 00:11:09.327 [main] FastParkingAdmin - Login success
[INFO ] 2023-10-27 19:51:12.455 [main] FastParkingAdmin - Verify total registered user count Starting//////////
[INFO ] 2023-10-27 19:51:12.490 [main] FastParkingAdmin - Logging in admin
[INFO ] 2023-10-27 19:51:12.935 [main] FastParkingAdmin - Login success
[INFO ] 2023-10-27 19:59:57.425 [main] FastParkingAdmin - Verify total registered user count Starting//////////
[INFO ] 2023-10-27 19:59:57.425 [main] FastParkingAdmin - Logging in admin
[INFO ] 2023-10-27 19:59:57.759 [main] FastParkingAdmin - Login success
[INFO ] 2023-10-27 20:45:58.524 [main] FastParkingAdmin - Verify total registered user count Starting//////////
[INFO ] 2023-10-27 20:45:58.550 [main] FastParkingAdmin - Logging in admin
[INFO ] 2023-10-27 20:45:59.309 [main] FastParkingAdmin - Login success
[INFO ] 2023-10-27 20:46:19.534 [main] FastParkingAdmin - Verify total registered user count Starting//////////
[INFO ] 2023-10-27 20:46:19.536 [main] FastParkingAdmin - Logging in admin
[INFO ] 2023-10-27 20:46:20.463 [main] FastParkingAdmin - Login success
[INFO ] 2023-10-27 20:46:40.608 [main] FastParkingAdmin - Verify total registered user count Starting//////////
[INFO ] 2023-10-27 20:46:40.609 [main] FastParkingAdmin - Logging in admin
[INFO ] 2023-10-27 20:46:40.981 [main] FastParkingAdmin - Login success
[INFO ] 2023-10-27 20:47:01.168 [main] FastParkingAdmin - Verify total registered user count Starting//////////
[INFO ] 2023-10-27 20:47:01.169 [main] FastParkingAdmin - Logging in admin
[INFO ] 2023-10-27 20:47:02.291 [main] FastParkingAdmin - Login success
[INFO ] 2023-10-27 20:47:09.730 [main] FastParkingAdmin - Verify total registered user count Starting//////////
[INFO ] 2023-10-27 20:47:09.731 [main] FastParkingAdmin - Logging in admin
[INFO ] 2023-10-27 20:47:10.464 [main] FastParkingAdmin - Login success
[INFO ] 2023-10-27 20:47:22.451 [main] FastParkingAdmin - Verify total registered user count Starting//////////
[INFO ] 2023-10-27 20:47:22.451 [main] FastParkingAdmin - Logging in admin
[INFO ] 2023-10-27 20:47:23.262 [main] FastParkingAdmin - Login success
[INFO ] 2023-10-27 20:47:24.533 [main] FastParkingAdmin - Verify total registered user count Starting//////////
[INFO ] 2023-10-27 20:47:24.540 [main] FastParkingAdmin - Logging in admin
[INFO ] 2023-10-27 20:47:34.659 [main] FastParkingAdmin - Verify total registered user count Starting//////////
[INFO ] 2023-10-27 20:47:34.659 [main] FastParkingAdmin - Logging in admin
[INFO ] 2023-10-27 20:47:44.690 [main] FastParkingAdmin - Verify total registered user count Starting//////////
[INFO ] 2023-10-27 20:47:44.690 [main] FastParkingAdmin - Logging in admin
[INFO ] 2023-10-27 20:47:54.765 [main] FastParkingAdmin - Verify total registered user count Starting//////////
[INFO ] 2023-10-27 20:47:54.765 [main] FastParkingAdmin - Logging in admin
[INFO ] 2023-10-27 20:52:56.077 [main] FastParkingAdmin - Verify total registered user count Starting//////////
[INFO ] 2023-10-27 20:52:56.078 [main] FastParkingAdmin - Logging in admin
[INFO ] 2023-10-27 20:52:56.871 [main] FastParkingAdmin - Login success
[INFO ] 2023-10-27 20:53:21.158 [main] FastParkingAdmin - Verify total registered user count Starting//////////
[INFO ] 2023-10-27 20:53:21.159 [main] FastParkingAdmin - Logging in admin
[INFO ] 2023-10-27 20:55:01.120 [main] FastParkingAdmin - Verify total registered user count Starting//////////
[INFO ] 2023-10-27 20:55:01.121 [main] FastParkingAdmin - Logging in admin
[INFO ] 2023-10-27 20:55:01.854 [main] FastParkingAdmin - Login success
[INFO ] 2023-10-27 20:55:31.451 [main] FastParkingAdmin - Verify total registered user count Starting//////////
[INFO ] 2023-10-27 20:55:31.451 [main] FastParkingAdmin - Logging in admin
[INFO ] 2023-10-27 20:55:41.571 [main] FastParkingAdmin - Verify total registered user count Starting//////////
[INFO ] 2023-10-27 20:55:41.571 [main] FastParkingAdmin - Logging in admin
[INFO ] 2023-10-27 20:55:51.619 [main] FastParkingAdmin - Verify total registered user count Starting//////////
[INFO ] 2023-10-27 20:55:51.619 [main] FastParkingAdmin - Logging in admin
[INFO ] 2023-10-27 20:56:01.775 [main] FastParkingAdmin - Verify total registered user count Starting//////////
[INFO ] 2023-10-27 20:56:01.775 [main] FastParkingAdmin - Logging in admin
[INFO ] 2023-10-27 21:07:54.026 [main] FastParkingAdmin - Verify total registered user count Starting//////////
[INFO ] 2023-10-27 21:07:54.027 [main] FastParkingAdmin - Logging in admin
[INFO ] 2023-10-27 21:07:54.473 [main] FastParkingAdmin - Login success
[INFO ] 2023-10-27 21:08:21.247 [main] FastParkingAdmin - Verify total registered user count Starting//////////
[INFO ] 2023-10-27 21:08:21.248 [main] FastParkingAdmin - Logging in admin
[INFO ] 2023-10-27 21:08:31.285 [main] FastParkingAdmin - Verify total registered user count Starting//////////
[INFO ] 2023-10-27 21:08:31.286 [main] FastParkingAdmin - Logging in admin
[INFO ] 2023-10-27 21:08:41.318 [main] FastParkingAdmin - Verify total registered user count Starting//////////
[INFO ] 2023-10-27 21:08:41.318 [main] FastParkingAdmin - Logging in admin
[INFO ] 2023-10-27 21:08:51.337 [main] FastParkingAdmin - Verify total registered user count Starting//////////
[INFO ] 2023-10-27 21:08:51.337 [main] FastParkingAdmin - Logging in admin
[INFO ] 2023-10-27 21:11:38.392 [main] FastParkingAdmin - Verify total registered user count Starting//////////
[INFO ] 2023-10-27 21:11:38.393 [main] FastParkingAdmin - Logging in admin
[INFO ] 2023-10-27 21:11:38.786 [main] FastParkingAdmin - Login success
[INFO ] 2023-10-27 21:12:05.384 [main] FastParkingAdmin - Verify total registered user count Starting//////////
[INFO ] 2023-10-27 21:12:05.384 [main] FastParkingAdmin - Logging in admin
[INFO ] 2023-10-27 21:12:15.427 [main] FastParkingAdmin - Verify total registered user count Starting//////////
[INFO ] 2023-10-27 21:12:15.428 [main] FastParkingAdmin - Logging in admin
[INFO ] 2023-10-27 21:12:25.456 [main] FastParkingAdmin - Verify total registered user count Starting//////////
[INFO ] 2023-10-27 21:12:25.456 [main] FastParkingAdmin - Logging in admin
[INFO ] 2023-10-27 21:12:35.480 [main] FastParkingAdmin - Verify total registered user count Starting//////////
[INFO ] 2023-10-27 21:12:35.480 [main] FastParkingAdmin - Logging in admin
[INFO ] 2023-10-27 21:15:29.681 [main] FastParkingAdmin - Verify total registered user count Starting//////////
[INFO ] 2023-10-27 21:15:29.682 [main] FastParkingAdmin - Logging in admin
[INFO ] 2023-10-27 21:15:30.097 [main] FastParkingAdmin - Login success
[INFO ] 2023-10-27 21:15:47.212 [main] FastParkingAdmin - Verify total registered user count Starting//////////
[INFO ] 2023-10-27 21:15:47.213 [main] FastParkingAdmin - Logging in admin
[INFO ] 2023-10-27 21:15:47.449 [main] FastParkingAdmin - Login success
[INFO ] 2023-10-27 21:16:04.060 [main] FastParkingAdmin - Verify total registered user count Starting//////////
[INFO ] 2023-10-27 21:16:04.061 [main] FastParkingAdmin - Logging in admin
[INFO ] 2023-10-27 21:16:04.297 [main] FastParkingAdmin - Login success
[INFO ] 2023-10-27 21:16:20.298 [main] FastParkingAdmin - Verify total registered user count Starting//////////
[INFO ] 2023-10-27 21:16:20.298 [main] FastParkingAdmin - Logging in admin
[INFO ] 2023-10-27 21:16:20.558 [main] FastParkingAdmin - Login success
[INFO ] 2023-10-27 21:16:35.567 [main] FastParkingAdmin - Verify total registered user count Starting//////////
[INFO ] 2023-10-27 21:16:35.568 [main] FastParkingAdmin - Logging in admin
[INFO ] 2023-10-27 21:18:25.970 [main] FastParkingAdmin - Verify total registered user count Starting//////////
[INFO ] 2023-10-27 21:18:25.971 [main] FastParkingAdmin - Logging in admin
[INFO ] 2023-10-27 21:18:26.290 [main] FastParkingAdmin - Login success
[INFO ] 2023-10-27 21:18:59.346 [main] FastParkingAdmin - Verify total registered user count Starting//////////
[INFO ] 2023-10-27 21:18:59.347 [main] FastParkingAdmin - Logging in admin
[INFO ] 2023-10-27 21:19:09.371 [main] FastParkingAdmin - Verify total registered user count Starting//////////
[INFO ] 2023-10-27 21:19:09.372 [main] FastParkingAdmin - Logging in admin
[INFO ] 2023-10-27 21:19:19.404 [main] FastParkingAdmin - Verify total registered user count Starting//////////
[INFO ] 2023-10-27 21:19:19.405 [main] FastParkingAdmin - Logging in admin
[INFO ] 2023-10-27 21:19:29.419 [main] FastParkingAdmin - Verify total registered user count Starting//////////
[INFO ] 2023-10-27 21:19:29.420 [main] FastParkingAdmin - Logging in admin
[INFO ] 2023-10-27 21:22:00.093 [main] FastParkingAdmin - Verify total registered user count Starting//////////
[INFO ] 2023-10-27 21:22:00.094 [main] FastParkingAdmin - Logging in admin
[INFO ] 2023-10-27 21:22:00.498 [main] FastParkingAdmin - Login success
[INFO ] 2023-10-27 21:22:18.172 [main] FastParkingAdmin - Verify total registered user count Starting//////////
[INFO ] 2023-10-27 21:22:18.176 [main] FastParkingAdmin - Logging in admin
[INFO ] 2023-10-27 21:22:18.452 [main] FastParkingAdmin - Login success
[INFO ] 2023-10-27 21:22:35.555 [main] FastParkingAdmin - Verify total registered user count Starting//////////
[INFO ] 2023-10-27 21:22:35.555 [main] FastParkingAdmin - Logging in admin
[INFO ] 2023-10-27 21:22:35.816 [main] FastParkingAdmin - Login success
[INFO ] 2023-10-27 21:22:51.735 [main] FastParkingAdmin - Verify total registered user count Starting//////////
[INFO ] 2023-10-27 21:22:51.736 [main] FastParkingAdmin - Logging in admin
[INFO ] 2023-10-27 21:22:51.992 [main] FastParkingAdmin - Login success
[INFO ] 2023-10-27 21:23:23.783 [main] FastParkingAdmin - Verify total registered user count Starting//////////
[INFO ] 2023-10-27 21:23:23.784 [main] FastParkingAdmin - Logging in admin
[INFO ] 2023-10-27 21:24:01.331 [main] FastParkingAdmin - Verify total registered user count Starting//////////
[INFO ] 2023-10-27 21:24:01.332 [main] FastParkingAdmin - Logging in admin
[INFO ] 2023-10-27 21:24:01.681 [main] FastParkingAdmin - Login success
[INFO ] 2023-10-27 21:24:20.462 [main] FastParkingAdmin - Verify total registered user count Starting//////////
[INFO ] 2023-10-27 21:24:20.462 [main] FastParkingAdmin - Logging in admin
[INFO ] 2023-10-27 21:24:20.733 [main] FastParkingAdmin - Login success
[INFO ] 2023-10-27 21:24:37.482 [main] FastParkingAdmin - Verify total registered user count Starting//////////
[INFO ] 2023-10-27 21:24:37.483 [main] FastParkingAdmin - Logging in admin
[INFO ] 2023-10-27 21:24:37.767 [main] FastParkingAdmin - Login success
[INFO ] 2023-10-27 21:39:20.553 [main] FastParkingAdmin - Verify total registered user count Starting//////////
[INFO ] 2023-10-27 21:39:20.555 [main] FastParkingAdmin - Logging in admin
[INFO ] 2023-10-27 21:39:20.967 [main] FastParkingAdmin - Login success
[INFO ] 2023-10-27 21:44:57.526 [main] FastParkingAdmin - Verify total registered user count Starting//////////
[INFO ] 2023-10-27 21:44:57.526 [main] FastParkingAdmin - Logging in admin
[INFO ] 2023-10-27 21:44:57.905 [main] FastParkingAdmin - Login success
[INFO ] 2023-10-27 21:45:53.337 [main] FastParkingAdmin - Verify total registered user count Starting//////////
[INFO ] 2023-10-27 21:45:53.338 [main] FastParkingAdmin - Logging in admin
[INFO ] 2023-10-27 21:45:53.780 [main] FastParkingAdmin - Login success
[INFO ] 2023-10-27 21:47:27.891 [main] FastParkingAdmin - Verify total registered user count Starting//////////
[INFO ] 2023-10-27 21:47:27.891 [main] FastParkingAdmin - Logging in admin
[INFO ] 2023-10-27 21:47:28.237 [main] FastParkingAdmin - Login success
[INFO ] 2023-10-27 21:48:15.640 [main] FastParkingAdmin - Verify total registered user count Starting//////////
[INFO ] 2023-10-27 21:48:15.641 [main] FastParkingAdmin - Logging in admin
[INFO ] 2023-10-27 21:48:16.023 [main] FastParkingAdmin - Login success
[INFO ] 2023-10-27 21:48:30.930 [main] FastParkingAdmin - user blocked success////////////////////
[INFO ] 2023-10-27 21:59:41.094 [main] FastParkingAdmin - Verify total registered user count Starting//////////
[INFO ] 2023-10-27 21:59:41.095 [main] FastParkingAdmin - Logging in admin
[INFO ] 2023-10-27 21:59:41.994 [main] FastParkingAdmin - Login success
[INFO ] 2023-10-27 21:59:59.267 [main] FastParkingAdmin - user blocked success////////////////////
[INFO ] 2023-10-27 22:01:37.566 [main] FastParkingAdmin - Verify total registered user count Starting//////////
[INFO ] 2023-10-27 22:01:37.567 [main] FastParkingAdmin - Logging in admin
[INFO ] 2023-10-27 22:01:38.232 [main] FastParkingAdmin - Login success
[INFO ] 2023-10-27 22:02:04.487 [main] FastParkingAdmin - Verify total registered user count Starting//////////
[INFO ] 2023-10-27 22:02:04.487 [main] FastParkingAdmin - Logging in admin
[INFO ] 2023-10-27 22:04:08.908 [main] FastParkingAdmin - Verify total registered user count Starting//////////
[INFO ] 2023-10-27 22:04:08.910 [main] FastParkingAdmin - Logging in admin
[INFO ] 2023-10-27 22:04:09.546 [main] FastParkingAdmin - Login success
[INFO ] 2023-10-27 22:04:26.558 [main] FastParkingAdmin - user blocked success////////////////////
[INFO ] 2023-10-27 22:04:26.570 [main] FastParkingAdmin - Verify total registered user count Starting//////////
[INFO ] 2023-10-27 22:04:26.570 [main] FastParkingAdmin - Logging in admin
[INFO ] 2023-10-27 22:05:29.851 [main] FastParkingAdmin - Verify total registered user count Starting//////////
[INFO ] 2023-10-27 22:05:29.852 [main] FastParkingAdmin - Logging in admin
[INFO ] 2023-10-27 22:05:30.532 [main] FastParkingAdmin - Login success
[INFO ] 2023-10-27 22:06:47.286 [main] FastParkingAdmin - Verify total registered user count Starting//////////
[INFO ] 2023-10-27 22:06:47.290 [main] FastParkingAdmin - Logging in admin
[INFO ] 2023-10-27 22:06:47.922 [main] FastParkingAdmin - Login success
[INFO ] 2023-10-27 22:07:05.013 [main] FastParkingAdmin - user blocked success////////////////////
[INFO ] 2023-10-27 22:07:15.137 [main] FastParkingAdmin - Verify total registered user count Starting//////////
[INFO ] 2023-10-27 22:07:15.137 [main] FastParkingAdmin - Logging in admin
[INFO ] 2023-10-27 22:12:10.729 [main] FastParkingAdmin - Verify total registered user count Starting//////////
[INFO ] 2023-10-27 22:12:10.730 [main] FastParkingAdmin - Logging in admin
[INFO ] 2023-10-27 22:12:11.390 [main] FastParkingAdmin - Login success
[INFO ] 2023-10-27 22:12:28.326 [main] FastParkingAdmin - user blocked success////////////////////
[INFO ] 2023-10-27 22:12:28.559 [main] FastParkingAdmin - Verify total registered user count Starting//////////
[INFO ] 2023-10-27 22:12:28.561 [main] FastParkingAdmin - Logging in admin
[INFO ] 2023-10-27 22:12:29.178 [main] FastParkingAdmin - Login success
[INFO ] 2023-10-27 22:12:45.389 [main] FastParkingAdmin - user blocked success////////////////////
[INFO ] 2023-10-27 22:21:10.027 [main] FastParkingAdmin - Verify total registered user count Starting//////////
[INFO ] 2023-10-27 22:21:10.028 [main] FastParkingAdmin - Logging in admin
[INFO ] 2023-10-27 22:21:10.840 [main] FastParkingAdmin - Login success
[INFO ] 2023-10-27 22:21:28.985 [main] FastParkingAdmin - user blocked success////////////////////
[INFO ] 2023-10-27 22:21:29.373 [main] FastParkingAdmin - Verify total registered user count Starting//////////
[INFO ] 2023-10-27 22:21:29.373 [main] FastParkingAdmin - Logging in admin
[INFO ] 2023-10-27 22:21:30.020 [main] FastParkingAdmin - Login success
[INFO ] 2023-10-27 22:21:47.857 [main] FastParkingAdmin - user blocked success////////////////////
[INFO ] 2023-10-27 22:29:20.313 [main] FastParkingAdmin - Verify total registered user count Starting//////////
[INFO ] 2023-10-27 22:29:20.314 [main] FastParkingAdmin - Logging in admin
[INFO ] 2023-10-27 22:29:21.111 [main] FastParkingAdmin - Login success
[INFO ] 2023-10-27 22:31:05.502 [main] FastParkingAdmin - Verify total registered user count Starting//////////
[INFO ] 2023-10-27 22:31:05.504 [main] FastParkingAdmin - Logging in admin
[INFO ] 2023-10-27 22:31:06.417 [main] FastParkingAdmin - Login success
[INFO ] 2023-10-27 22:32:08.637 [main] FastParkingAdmin - Verify total registered user count Starting//////////
[INFO ] 2023-10-27 22:32:08.640 [main] FastParkingAdmin - Logging in admin
[INFO ] 2023-10-27 22:32:09.294 [main] FastParkingAdmin - Login success
[INFO ] 2023-10-27 22:34:16.970 [main] FastParkingAdmin - Verify total registered user count Starting//////////
[INFO ] 2023-10-27 22:34:16.972 [main] FastParkingAdmin - Logging in admin
[INFO ] 2023-10-27 22:34:17.611 [main] FastParkingAdmin - Login success
[INFO ] 2023-10-28 01:10:22.745 [main] FastParkingAdmin - Verify total registered user count Starting//////////
[INFO ] 2023-10-28 01:10:22.786 [main] FastParkingAdmin - Logging in admin
[INFO ] 2023-10-28 01:10:23.221 [main] FastParkingAdmin - Login success
[INFO ] 2023-10-28 01:12:19.055 [main] FastParkingAdmin - Verify total registered user count Starting//////////
[INFO ] 2023-10-28 01:12:19.056 [main] FastParkingAdmin - Logging in admin
[INFO ] 2023-10-28 01:12:19.385 [main] FastParkingAdmin - Login success
[INFO ] 2023-10-28 01:16:46.979 [main] FastParkingAdmin - Verify total registered user count Starting//////////
[INFO ] 2023-10-28 01:16:46.979 [main] FastParkingAdmin - Logging in admin
[INFO ] 2023-10-28 01:16:47.316 [main] FastParkingAdmin - Login success
[INFO ] 2023-10-28 01:18:55.502 [main] FastParkingAdmin - Verify total registered user count Starting//////////
[INFO ] 2023-10-28 01:18:55.504 [main] FastParkingAdmin - Logging in admin
[INFO ] 2023-10-28 01:18:55.868 [main] FastParkingAdmin - Login success
[INFO ] 2023-10-28 01:25:32.328 [main] FastParkingAdmin - Verify total registered user count Starting//////////
[INFO ] 2023-10-28 01:25:32.373 [main] FastParkingAdmin - Logging in admin
[INFO ] 2023-10-28 01:25:33.199 [main] FastParkingAdmin - Login success
[INFO ] 2023-10-28 01:28:26.227 [main] FastParkingAdmin - Verify total registered user count Starting//////////
[INFO ] 2023-10-28 01:28:26.229 [main] FastParkingAdmin - Logging in admin
[INFO ] 2023-10-28 01:28:26.621 [main] FastParkingAdmin - Login success
[INFO ] 2023-10-28 11:39:41.151 [main] FastParkingAdmin - Verify total registered user count Starting//////////
[INFO ] 2023-10-28 11:39:41.168 [main] FastParkingAdmin - Logging in admin
[INFO ] 2023-10-28 11:39:42.333 [main] FastParkingAdmin - Login success
[INFO ] 2023-10-28 11:43:32.023 [main] FastParkingAdmin - Verify total registered user count Starting//////////
[INFO ] 2023-10-28 11:43:32.122 [main] FastParkingAdmin - Logging in admin
[INFO ] 2023-10-28 11:43:32.674 [main] FastParkingAdmin - Login success
[INFO ] 2023-10-28 11:47:23.863 [main] FastParkingAdmin - Verify total registered user count Starting//////////
[INFO ] 2023-10-28 11:47:23.865 [main] FastParkingAdmin - Logging in admin
[INFO ] 2023-10-28 11:47:24.213 [main] FastParkingAdmin - Login success
[INFO ] 2023-10-28 11:48:31.353 [main] FastParkingAdmin - Verify total registered user count Starting//////////
[INFO ] 2023-10-28 11:48:31.355 [main] FastParkingAdmin - Logging in admin
[INFO ] 2023-10-28 11:48:31.715 [main] FastParkingAdmin - Login success
[INFO ] 2023-10-28 11:51:23.351 [main] FastParkingAdmin - Verify total registered user count Starting//////////
[INFO ] 2023-10-28 11:51:23.353 [main] FastParkingAdmin - Logging in admin
[INFO ] 2023-10-28 11:51:23.708 [main] FastParkingAdmin - Login success
[INFO ] 2023-10-28 11:53:02.626 [main] FastParkingAdmin - Verify total registered user count Starting//////////
[INFO ] 2023-10-28 11:53:02.627 [main] FastParkingAdmin - Logging in admin
[INFO ] 2023-10-28 11:53:03.004 [main] FastParkingAdmin - Login success
[INFO ] 2023-10-28 11:54:29.507 [main] FastParkingAdmin - Verify total registered user count Starting//////////
[INFO ] 2023-10-28 11:54:29.507 [main] FastParkingAdmin - Logging in admin
[INFO ] 2023-10-28 11:54:29.874 [main] FastParkingAdmin - Login success
[INFO ] 2023-10-28 11:56:32.882 [main] FastParkingAdmin - Verify total registered user count Starting//////////
[INFO ] 2023-10-28 11:56:32.882 [main] FastParkingAdmin - Logging in admin
[INFO ] 2023-10-28 11:56:33.237 [main] FastParkingAdmin - Login success
[INFO ] 2023-10-28 11:58:25.632 [main] FastParkingAdmin - Verify total registered user count Starting//////////
[INFO ] 2023-10-28 11:58:25.634 [main] FastParkingAdmin - Logging in admin
[INFO ] 2023-10-28 11:58:26.086 [main] FastParkingAdmin - Login success
[INFO ] 2023-10-28 12:00:29.720 [main] FastParkingAdmin - Verify total registered user count Starting//////////
[INFO ] 2023-10-28 12:00:29.720 [main] FastParkingAdmin - Logging in admin
[INFO ] 2023-10-28 12:00:30.130 [main] FastParkingAdmin - Login success
[INFO ] 2023-10-28 12:02:13.799 [main] FastParkingAdmin - Verify total registered user count Starting//////////
[INFO ] 2023-10-28 12:02:13.807 [main] FastParkingAdmin - Logging in admin
[INFO ] 2023-10-28 12:02:14.220 [main] FastParkingAdmin - Login success
[INFO ] 2023-10-28 12:04:59.663 [main] FastParkingAdmin - Verify total registered user count Starting//////////
[INFO ] 2023-10-28 12:04:59.663 [main] FastParkingAdmin - Logging in admin
[INFO ] 2023-10-28 12:05:00.012 [main] FastParkingAdmin - Login success
[INFO ] 2023-10-28 12:15:50.880 [main] FastParkingAdmin - Verify total registered user count Starting//////////
[INFO ] 2023-10-28 12:15:50.884 [main] FastParkingAdmin - Logging in admin
[INFO ] 2023-10-28 12:15:51.275 [main] FastParkingAdmin - Login success
[INFO ] 2023-10-28 12:17:34.315 [main] FastParkingAdmin - Verify total registered user count Starting//////////
[INFO ] 2023-10-28 12:17:34.317 [main] FastParkingAdmin - Logging in admin
[INFO ] 2023-10-28 12:17:35.462 [main] FastParkingAdmin - Login success
[INFO ] 2023-10-28 12:20:04.589 [main] FastParkingAdmin - Verify total registered user count Starting//////////
[INFO ] 2023-10-28 12:20:04.591 [main] FastParkingAdmin - Logging in admin
[INFO ] 2023-10-28 12:20:05.596 [main] FastParkingAdmin - Login success
[INFO ] 2023-10-28 12:24:06.854 [main] FastParkingAdmin - Verify total registered user count Starting//////////
[INFO ] 2023-10-28 12:24:06.855 [main] FastParkingAdmin - Logging in admin
[INFO ] 2023-10-28 12:24:07.505 [main] FastParkingAdmin - Login success
[INFO ] 2023-10-28 12:26:36.385 [main] FastParkingAdmin - Verify total registered user count Starting//////////
[INFO ] 2023-10-28 12:26:36.386 [main] FastParkingAdmin - Logging in admin
[INFO ] 2023-10-28 12:26:37.126 [main] FastParkingAdmin - Login success
[INFO ] 2023-10-28 12:31:07.450 [main] FastParkingAdmin - Verify total registered user count Starting//////////
[INFO ] 2023-10-28 12:31:07.464 [main] FastParkingAdmin - Logging in admin
[INFO ] 2023-10-28 12:31:08.817 [main] FastParkingAdmin - Login success
[INFO ] 2023-10-28 12:32:59.105 [main] FastParkingAdmin - Verify total registered user count Starting//////////
[INFO ] 2023-10-28 12:32:59.141 [main] FastParkingAdmin - Logging in admin
[INFO ] 2023-10-28 12:32:59.803 [main] FastParkingAdmin - Login success
[INFO ] 2023-10-28 12:35:03.831 [main] FastParkingAdmin - Verify total registered user count Starting//////////
[INFO ] 2023-10-28 12:35:03.833 [main] FastParkingAdmin - Logging in admin
[INFO ] 2023-10-28 12:35:04.538 [main] FastParkingAdmin - Login success
[INFO ] 2023-10-28 12:47:11.977 [main] FastParkingAdmin - Verify total registered user count Starting//////////
[INFO ] 2023-10-28 12:47:11.980 [main] FastParkingAdmin - Logging in admin
[INFO ] 2023-10-28 12:47:12.943 [main] FastParkingAdmin - Login success
[INFO ] 2023-10-28 12:50:26.377 [main] FastParkingAdmin - Verify total registered user count Starting//////////
[INFO ] 2023-10-28 12:50:26.378 [main] FastParkingAdmin - Logging in admin
[INFO ] 2023-10-28 12:50:26.766 [main] FastParkingAdmin - Login success
[INFO ] 2023-10-28 12:55:37.140 [main] FastParkingAdmin - Verify total registered user count Starting//////////
[INFO ] 2023-10-28 12:55:37.141 [main] FastParkingAdmin - Logging in admin
[INFO ] 2023-10-28 12:55:38.119 [main] FastParkingAdmin - Login success
[INFO ] 2023-10-28 12:56:48.268 [main] FastParkingAdmin - Verify total registered user count Starting//////////
[INFO ] 2023-10-28 12:56:48.269 [main] FastParkingAdmin - Logging in admin
[INFO ] 2023-10-28 12:56:48.901 [main] FastParkingAdmin - Login success
[INFO ] 2023-10-28 13:53:02.542 [main] FastParkingAdmin - Verify total registered user count Starting//////////
[INFO ] 2023-10-28 13:53:02.547 [main] FastParkingAdmin - Logging in admin
[INFO ] 2023-10-28 13:53:02.899 [main] FastParkingAdmin - Login success
[INFO ] 2023-10-28 13:56:00.746 [main] FastParkingAdmin - Verify total registered user count Starting//////////
[INFO ] 2023-10-28 13:56:00.747 [main] FastParkingAdmin - Logging in admin
[INFO ] 2023-10-28 13:56:01.075 [main] FastParkingAdmin - Login success
[INFO ] 2023-10-28 13:58:04.077 [main] FastParkingAdmin - Verify total registered user count Starting//////////
[INFO ] 2023-10-28 13:58:04.078 [main] FastParkingAdmin - Logging in admin
[INFO ] 2023-10-28 13:58:04.415 [main] FastParkingAdmin - Login success
[INFO ] 2023-10-28 14:04:18.860 [main] FastParkingAdmin - Verify total registered user count Starting//////////
[INFO ] 2023-10-28 14:04:18.861 [main] FastParkingAdmin - Logging in admin
[INFO ] 2023-10-28 14:04:19.644 [main] FastParkingAdmin - Login success
[INFO ] 2023-10-28 14:10:13.154 [main] FastParkingAdmin - Verify total registered user count Starting//////////
[INFO ] 2023-10-28 14:10:13.156 [main] FastParkingAdmin - Logging in admin
[INFO ] 2023-10-28 14:10:13.963 [main] FastParkingAdmin - Login success
[INFO ] 2023-10-28 14:11:40.798 [main] FastParkingAdmin - Verify total registered user count Starting//////////
[INFO ] 2023-10-28 14:11:40.799 [main] FastParkingAdmin - Logging in admin
[INFO ] 2023-10-28 14:11:41.573 [main] FastParkingAdmin - Login success
[INFO ] 2023-10-28 14:13:58.758 [main] FastParkingAdmin - Verify total registered user count Starting//////////
[INFO ] 2023-10-28 14:13:58.759 [main] FastParkingAdmin - Logging in admin
[INFO ] 2023-10-28 14:13:59.920 [main] FastParkingAdmin - Login success
[INFO ] 2023-10-28 14:19:22.836 [main] FastParkingAdmin - Verify total registered user count Starting//////////
[INFO ] 2023-10-28 14:19:22.837 [main] FastParkingAdmin - Logging in admin
[INFO ] 2023-10-28 14:19:23.729 [main] FastParkingAdmin - Login success
[INFO ] 2023-10-28 14:34:27.543 [main] FastParkingAdmin - Verify total registered user count Starting//////////
[INFO ] 2023-10-28 14:34:27.651 [main] FastParkingAdmin - Logging in admin
[INFO ] 2023-10-28 14:34:28.480 [main] FastParkingAdmin - Login success
[INFO ] 2023-10-28 14:38:26.824 [main] FastParkingAdmin - Verify total registered user count Starting//////////
[INFO ] 2023-10-28 14:38:26.830 [main] FastParkingAdmin - Logging in admin
[INFO ] 2023-10-28 14:38:27.638 [main] FastParkingAdmin - Login success
[INFO ] 2023-10-28 14:40:42.549 [main] FastParkingAdmin - Verify total registered user count Starting//////////
[INFO ] 2023-10-28 14:40:42.551 [main] FastParkingAdmin - Logging in admin
[INFO ] 2023-10-28 14:40:43.445 [main] FastParkingAdmin - Login success
[INFO ] 2023-10-28 14:42:18.571 [main] FastParkingAdmin - Verify total registered user count Starting//////////
[INFO ] 2023-10-28 14:42:18.572 [main] FastParkingAdmin - Logging in admin
[INFO ] 2023-10-28 14:42:19.327 [main] FastParkingAdmin - Login success
[INFO ] 2023-10-28 19:32:23.073 [main] FastParkingAdmin - Verify total registered user count Starting//////////
[INFO ] 2023-10-28 19:32:23.092 [main] FastParkingAdmin - Logging in admin
[INFO ] 2023-10-28 19:32:24.178 [main] FastParkingAdmin - Login success
[INFO ] 2023-10-28 19:35:38.159 [main] FastParkingAdmin - Verify total registered user count Starting//////////
[INFO ] 2023-10-28 19:35:38.161 [main] FastParkingAdmin - Logging in admin
[INFO ] 2023-10-28 19:35:38.910 [main] FastParkingAdmin - Login success
[INFO ] 2023-10-28 19:43:34.336 [main] FastParkingAdmin - Verify total registered user count Starting//////////
[INFO ] 2023-10-28 19:43:34.338 [main] FastParkingAdmin - Logging in admin
[INFO ] 2023-10-28 19:43:35.176 [main] FastParkingAdmin - Login success
[INFO ] 2023-10-28 19:59:15.927 [main] FastParkingAdmin - Verify total registered user count Starting//////////
[INFO ] 2023-10-28 19:59:15.931 [main] FastParkingAdmin - Logging in admin
[INFO ] 2023-10-28 19:59:16.646 [main] FastParkingAdmin - Login success
[INFO ] 2023-10-28 20:15:37.637 [main] FastParkingAdmin - Verify total registered user count Starting//////////
[INFO ] 2023-10-28 20:15:37.638 [main] FastParkingAdmin - Logging in admin
[INFO ] 2023-10-28 20:15:38.531 [main] FastParkingAdmin - Login success
[INFO ] 2023-10-28 20:20:23.271 [main] FastParkingAdmin - Verify total registered user count Starting//////////
[INFO ] 2023-10-28 20:20:23.271 [main] FastParkingAdmin - Logging in admin
[INFO ] 2023-10-28 20:20:23.636 [main] FastParkingAdmin - Login success
[INFO ] 2023-10-28 20:27:39.409 [main] FastParkingAdmin - Verify total registered user count Starting//////////
[INFO ] 2023-10-28 20:27:39.409 [main] FastParkingAdmin - Logging in admin
[INFO ] 2023-10-28 20:27:39.845 [main] FastParkingAdmin - Login success
[INFO ] 2023-10-28 20:30:22.642 [main] FastParkingAdmin - Verify total registered user count Starting//////////
[INFO ] 2023-10-28 20:30:22.642 [main] FastParkingAdmin - Logging in admin
[INFO ] 2023-10-28 20:30:22.994 [main] FastParkingAdmin - Login success
[INFO ] 2023-10-28 20:39:23.402 [main] FastParkingAdmin - Verify total registered user count Starting//////////
[INFO ] 2023-10-28 20:39:23.403 [main] FastParkingAdmin - Logging in admin
[INFO ] 2023-10-28 20:39:23.762 [main] FastParkingAdmin - Login success
[INFO ] 2023-10-28 20:46:25.167 [main] FastParkingAdmin - Verify total registered user count Starting//////////
[INFO ] 2023-10-28 20:46:25.168 [main] FastParkingAdmin - Logging in admin
[INFO ] 2023-10-28 20:46:25.514 [main] FastParkingAdmin - Login success
[INFO ] 2023-10-28 21:42:47.510 [main] FastParkingAdmin - Verify total registered user count Starting//////////
[INFO ] 2023-10-28 21:42:47.621 [main] FastParkingAdmin - Logging in admin
[INFO ] 2023-10-28 21:42:48.801 [main] FastParkingAdmin - Login success
[INFO ] 2023-10-28 22:50:52.858 [main] FastParkingAdmin - Verify total registered user count Starting//////////
[INFO ] 2023-10-28 22:50:53.627 [main] FastParkingAdmin - Logging in admin
[INFO ] 2023-10-28 22:50:54.059 [main] FastParkingAdmin - Login success
[INFO ] 2023-10-28 22:52:55.810 [main] FastParkingAdmin - Verify total registered user count Starting//////////
[INFO ] 2023-10-28 22:52:55.811 [main] FastParkingAdmin - Logging in admin
[INFO ] 2023-10-28 22:52:56.198 [main] FastParkingAdmin - Login success
[INFO ] 2023-10-28 22:54:42.940 [main] FastParkingAdmin - Verify total registered user count Starting//////////
[INFO ] 2023-10-28 22:54:42.941 [main] FastParkingAdmin - Logging in admin
[INFO ] 2023-10-28 22:54:43.275 [main] FastParkingAdmin - Login success
[INFO ] 2023-10-28 22:56:04.315 [main] FastParkingAdmin - Verify total registered user count Starting//////////
[INFO ] 2023-10-28 22:56:04.316 [main] FastParkingAdmin - Logging in admin
[INFO ] 2023-10-28 22:56:04.633 [main] FastParkingAdmin - Login success
[INFO ] 2023-10-28 23:01:33.454 [main] FastParkingAdmin - Verify total registered user count Starting//////////
[INFO ] 2023-10-28 23:01:33.462 [main] FastParkingAdmin - Logging in admin
[INFO ] 2023-10-28 23:01:33.898 [main] FastParkingAdmin - Login success
[INFO ] 2023-10-28 23:02:40.553 [main] FastParkingAdmin - Verify total registered user count Starting//////////
[INFO ] 2023-10-28 23:02:40.553 [main] FastParkingAdmin - Logging in admin
[INFO ] 2023-10-28 23:02:40.902 [main] FastParkingAdmin - Login success
[INFO ] 2023-10-29 13:08:27.469 [main] FastParkingAdmin - Verify total registered user count Starting//////////
[INFO ] 2023-10-29 13:08:27.484 [main] FastParkingAdmin - Logging in admin
[INFO ] 2023-10-29 13:08:27.971 [main] FastParkingAdmin - Login success
[INFO ] 2023-10-29 13:10:30.037 [main] FastParkingAdmin - Verify total registered user count Starting//////////
[INFO ] 2023-10-29 13:10:30.039 [main] FastParkingAdmin - Logging in admin
[INFO ] 2023-10-29 13:10:30.626 [main] FastParkingAdmin - Login success
[INFO ] 2023-10-29 13:12:00.307 [main] FastParkingAdmin - Verify total registered user count Starting//////////
[INFO ] 2023-10-29 13:12:00.308 [main] FastParkingAdmin - Logging in admin
[INFO ] 2023-10-29 13:12:00.878 [main] FastParkingAdmin - Login success
[INFO ] 2023-10-29 13:14:13.500 [main] FastParkingAdmin - Verify total registered user count Starting//////////
[INFO ] 2023-10-29 13:14:13.501 [main] FastParkingAdmin - Logging in admin
[INFO ] 2023-10-29 13:14:14.028 [main] FastParkingAdmin - Login success
[INFO ] 2023-10-29 13:17:31.749 [main] FastParkingAdmin - Verify total registered user count Starting//////////
[INFO ] 2023-10-29 13:17:31.752 [main] FastParkingAdmin - Logging in admin
[INFO ] 2023-10-29 13:17:32.385 [main] FastParkingAdmin - Login success
[INFO ] 2023-10-29 13:19:06.478 [main] FastParkingAdmin - Verify total registered user count Starting//////////
[INFO ] 2023-10-29 13:19:06.482 [main] FastParkingAdmin - Logging in admin
[INFO ] 2023-10-29 13:19:07.120 [main] FastParkingAdmin - Login success
[INFO ] 2023-10-29 13:21:37.838 [main] FastParkingAdmin - Verify total registered user count Starting//////////
[INFO ] 2023-10-29 13:21:37.841 [main] FastParkingAdmin - Logging in admin
[INFO ] 2023-10-29 13:21:38.393 [main] FastParkingAdmin - Login success
[INFO ] 2023-10-29 13:23:01.199 [main] FastParkingAdmin - Verify total registered user count Starting//////////
[INFO ] 2023-10-29 13:23:01.200 [main] FastParkingAdmin - Logging in admin
[INFO ] 2023-10-29 13:23:01.795 [main] FastParkingAdmin - Login success
[INFO ] 2023-10-29 13:25:17.873 [main] FastParkingAdmin - Verify total registered user count Starting//////////
[INFO ] 2023-10-29 13:25:17.873 [main] FastParkingAdmin - Logging in admin
[INFO ] 2023-10-29 13:25:18.409 [main] FastParkingAdmin - Login success
[INFO ] 2023-10-29 13:29:06.313 [main] FastParkingAdmin - Verify total registered user count Starting//////////
[INFO ] 2023-10-29 13:29:06.326 [main] FastParkingAdmin - Logging in admin
[INFO ] 2023-10-29 13:29:06.947 [main] FastParkingAdmin - Login success
[INFO ] 2023-10-29 13:30:13.660 [main] FastParkingAdmin - Verify total registered user count Starting//////////
[INFO ] 2023-10-29 13:30:13.691 [main] FastParkingAdmin - Logging in admin
[INFO ] 2023-10-29 13:30:15.485 [main] FastParkingAdmin - Login success
[INFO ] 2023-10-29 13:36:02.828 [main] FastParkingAdmin - Verify total registered user count Starting//////////
[INFO ] 2023-10-29 13:36:02.829 [main] FastParkingAdmin - Logging in admin
[INFO ] 2023-10-29 13:36:03.540 [main] FastParkingAdmin - Login success
[INFO ] 2023-10-29 13:37:13.905 [main] FastParkingAdmin - Verify total registered user count Starting//////////
[INFO ] 2023-10-29 13:37:13.907 [main] FastParkingAdmin - Logging in admin
[INFO ] 2023-10-29 13:37:14.601 [main] FastParkingAdmin - Login success
[INFO ] 2023-10-29 13:40:29.003 [main] FastParkingAdmin - Verify total registered user count Starting//////////
[INFO ] 2023-10-29 13:40:29.004 [main] FastParkingAdmin - Logging in admin
[INFO ] 2023-10-29 13:40:29.684 [main] FastParkingAdmin - Login success
[INFO ] 2023-10-29 13:42:21.164 [main] FastParkingAdmin - Verify total registered user count Starting//////////
[INFO ] 2023-10-29 13:42:21.165 [main] FastParkingAdmin - Logging in admin
[INFO ] 2023-10-29 13:42:21.819 [main] FastParkingAdmin - Login success
[INFO ] 2023-10-29 13:44:38.678 [main] FastParkingAdmin - Verify total registered user count Starting//////////
[INFO ] 2023-10-29 13:44:38.679 [main] FastParkingAdmin - Logging in admin
[INFO ] 2023-10-29 13:44:39.318 [main] FastParkingAdmin - Login success
[INFO ] 2023-10-29 13:46:18.902 [main] FastParkingAdmin - Verify total registered user count Starting//////////
[INFO ] 2023-10-29 13:46:18.909 [main] FastParkingAdmin - Logging in admin
[INFO ] 2023-10-29 13:46:19.565 [main] FastParkingAdmin - Login success
[INFO ] 2023-10-29 13:48:27.866 [main] FastParkingAdmin - Verify total registered user count Starting//////////
[INFO ] 2023-10-29 13:48:27.866 [main] FastParkingAdmin - Logging in admin
[INFO ] 2023-10-29 13:48:28.588 [main] FastParkingAdmin - Login success
[INFO ] 2023-10-29 14:19:23.839 [main] FastParkingAdmin - Verify total registered user count Starting//////////
[INFO ] 2023-10-29 14:19:23.940 [main] FastParkingAdmin - Logging in admin
[INFO ] 2023-10-29 14:19:24.266 [main] FastParkingAdmin - Login success
[INFO ] 2023-10-29 14:19:34.364 [main] FastParkingAdmin - Verify total registered user count Starting//////////
[INFO ] 2023-10-29 14:19:34.364 [main] FastParkingAdmin - Logging in admin
[INFO ] 2023-10-29 14:19:34.631 [main] FastParkingAdmin - Login success
[INFO ] 2023-10-29 14:21:55.054 [main] FastParkingAdmin - Verify total registered user count Starting//////////
[INFO ] 2023-10-29 14:21:55.054 [main] FastParkingAdmin - Logging in admin
[INFO ] 2023-10-29 14:21:55.385 [main] FastParkingAdmin - Login success
[INFO ] 2023-10-29 14:22:05.645 [main] FastParkingAdmin - Verify total registered user count Starting//////////
[INFO ] 2023-10-29 14:22:05.645 [main] FastParkingAdmin - Logging in admin
[INFO ] 2023-10-29 14:22:05.944 [main] FastParkingAdmin - Login success
[INFO ] 2023-10-29 14:25:20.553 [main] FastParkingAdmin - Verify total registered user count Starting//////////
[INFO ] 2023-10-29 14:25:20.553 [main] FastParkingAdmin - Logging in admin
[INFO ] 2023-10-29 14:25:20.919 [main] FastParkingAdmin - Login success
[INFO ] 2023-10-29 14:26:03.226 [main] FastParkingAdmin - Verify total registered user count Starting//////////
[INFO ] 2023-10-29 14:26:03.228 [main] FastParkingAdmin - Logging in admin
[INFO ] 2023-10-29 14:26:03.639 [main] FastParkingAdmin - Login success
[INFO ] 2023-10-29 14:26:13.179 [main] FastParkingAdmin - Verify total registered user count Starting//////////
[INFO ] 2023-10-29 14:26:13.179 [main] FastParkingAdmin - Logging in admin
[INFO ] 2023-10-29 14:26:13.433 [main] FastParkingAdmin - Login success
[INFO ] 2023-10-29 14:30:19.102 [main] FastParkingAdmin - Verify total registered user count Starting//////////
[INFO ] 2023-10-29 14:30:19.104 [main] FastParkingAdmin - Logging in admin
[INFO ] 2023-10-29 14:30:19.447 [main] FastParkingAdmin - Login success
[INFO ] 2023-10-29 14:30:29.745 [main] FastParkingAdmin - Verify total registered user count Starting//////////
[INFO ] 2023-10-29 14:30:29.745 [main] FastParkingAdmin - Logging in admin
[INFO ] 2023-10-29 14:30:30.018 [main] FastParkingAdmin - Login success
[INFO ] 2023-10-29 14:32:07.065 [main] FastParkingAdmin - Verify total registered user count Starting//////////
[INFO ] 2023-10-29 14:32:07.066 [main] FastParkingAdmin - Logging in admin
[INFO ] 2023-10-29 14:32:07.430 [main] FastParkingAdmin - Login success
[INFO ] 2023-10-29 14:32:16.950 [main] FastParkingAdmin - Verify total registered user count Starting//////////
[INFO ] 2023-10-29 14:32:16.950 [main] FastParkingAdmin - Logging in admin
[INFO ] 2023-10-29 14:32:17.245 [main] FastParkingAdmin - Login success
[INFO ] 2023-10-29 16:11:55.926 [main] FastParkingAdmin - Verify total registered user count Starting//////////
[INFO ] 2023-10-29 16:11:56.178 [main] FastParkingAdmin - Logging in admin
[INFO ] 2023-10-29 16:11:56.739 [main] FastParkingAdmin - Login success
[INFO ] 2023-10-29 16:11:58.753 [main] FastParkingAdmin - Navigated to manage users
[INFO ] 2023-10-29 16:11:58.754 [main] FastParkingAdmin - Counting the total number of users registered in app.
[INFO ] 2023-10-29 16:29:43.425 [main] FastParkingAdmin - Verify total registered user count Starting//////////
[INFO ] 2023-10-29 16:29:43.428 [main] FastParkingAdmin - Logging in admin
[INFO ] 2023-10-29 16:29:43.786 [main] FastParkingAdmin - Login success
[INFO ] 2023-10-29 16:29:45.767 [main] FastParkingAdmin - Navigated to manage users
[INFO ] 2023-10-29 16:29:45.767 [main] FastParkingAdmin - Counting the total number of users registered in app.
[INFO ] 2023-10-29 16:31:06.962 [main] FastParkingAdmin - Verify total registered user count Starting//////////
[INFO ] 2023-10-29 16:31:06.963 [main] FastParkingAdmin - Logging in admin
[INFO ] 2023-10-29 16:31:07.320 [main] FastParkingAdmin - Login success
[INFO ] 2023-10-29 16:31:09.313 [main] FastParkingAdmin - Navigated to manage users
[INFO ] 2023-10-29 16:31:09.313 [main] FastParkingAdmin - Counting the total number of users registered in app.
[INFO ] 2023-10-29 16:32:26.282 [main] FastParkingAdmin - Verify total registered user count Starting//////////
[INFO ] 2023-10-29 16:32:26.282 [main] FastParkingAdmin - Logging in admin
[INFO ] 2023-10-29 16:32:26.656 [main] FastParkingAdmin - Login success
[INFO ] 2023-10-29 16:32:28.831 [main] FastParkingAdmin - Navigated to manage users
[INFO ] 2023-10-29 16:32:28.832 [main] FastParkingAdmin - Counting the total number of users registered in app.
[INFO ] 2023-10-29 16:33:46.099 [main] FastParkingAdmin - Verify total registered user count Starting//////////
[INFO ] 2023-10-29 16:33:46.100 [main] FastParkingAdmin - Logging in admin
[INFO ] 2023-10-29 16:33:46.480 [main] FastParkingAdmin - Login success
[INFO ] 2023-10-29 16:33:48.269 [main] FastParkingAdmin - Navigated to manage users
[INFO ] 2023-10-29 16:33:48.269 [main] FastParkingAdmin - Counting the total number of users registered in app.
[INFO ] 2023-10-29 16:38:26.271 [main] FastParkingAdmin - Verify total registered user count Starting//////////
[INFO ] 2023-10-29 16:38:26.272 [main] FastParkingAdmin - Logging in admin
[INFO ] 2023-10-29 16:38:26.655 [main] FastParkingAdmin - Login success
[INFO ] 2023-10-29 16:38:28.772 [main] FastParkingAdmin - Navigated to manage users
[INFO ] 2023-10-29 16:38:28.772 [main] FastParkingAdmin - Counting the total number of users registered in app.
[INFO ] 2023-10-29 16:46:02.613 [main] FastParkingAdmin - Verify total registered user count Starting//////////
[INFO ] 2023-10-29 16:46:02.615 [main] FastParkingAdmin - Logging in admin
[INFO ] 2023-10-29 16:46:02.976 [main] FastParkingAdmin - Login success
[INFO ] 2023-10-29 16:46:05.112 [main] FastParkingAdmin - Navigated to manage users
[INFO ] 2023-10-29 16:46:05.112 [main] FastParkingAdmin - Counting the total number of users registered in app.
[INFO ] 2023-10-29 16:46:26.081 [main] FastParkingAdmin - Booking count for parked is: 21
[INFO ] 2023-10-29 16:47:42.585 [main] FastParkingAdmin - Verify total registered user count Starting//////////
[INFO ] 2023-10-29 16:47:42.586 [main] FastParkingAdmin - Logging in admin
[INFO ] 2023-10-29 16:47:43.387 [main] FastParkingAdmin - Login success
[INFO ] 2023-10-29 16:47:46.086 [main] FastParkingAdmin - Navigated to manage users
[INFO ] 2023-10-29 16:47:46.086 [main] FastParkingAdmin - Counting the total number of users registered in app.
[INFO ] 2023-10-29 16:48:08.024 [main] FastParkingAdmin - Booking count for parked is: 17
[INFO ] 2023-10-29 16:49:31.599 [main] FastParkingAdmin - Verify total registered user count Starting//////////
[INFO ] 2023-10-29 16:49:31.601 [main] FastParkingAdmin - Logging in admin
[INFO ] 2023-10-29 16:49:32.286 [main] FastParkingAdmin - Login success
[INFO ] 2023-10-29 16:49:36.264 [main] FastParkingAdmin - Navigated to manage users
[INFO ] 2023-10-29 16:49:36.264 [main] FastParkingAdmin - Counting the total number of users registered in app.
[INFO ] 2023-10-29 16:50:08.554 [main] FastParkingAdmin - Booking count for parked is: 21
[INFO ] 2023-10-29 16:57:39.668 [main] FastParkingAdmin - Verify total registered user count Starting//////////
[INFO ] 2023-10-29 16:57:39.708 [main] FastParkingAdmin - Logging in admin
[INFO ] 2023-10-29 16:57:40.463 [main] FastParkingAdmin - Login success
[INFO ] 2023-10-29 16:57:43.183 [main] FastParkingAdmin - Navigated to manage users
[INFO ] 2023-10-29 16:57:43.183 [main] FastParkingAdmin - Counting the total number of users registered in app.
[INFO ] 2023-10-29 16:58:15.686 [main] FastParkingAdmin - dev Booking count for Booked is: 21
[INFO ] 2023-10-29 17:17:55.572 [main] FastParkingAdmin - Verify total registered user count Starting//////////
[INFO ] 2023-10-29 17:17:55.576 [main] FastParkingAdmin - Logging in admin
[INFO ] 2023-10-29 17:17:56.629 [main] FastParkingAdmin - Login success
[INFO ] 2023-10-29 17:17:59.600 [main] FastParkingAdmin - Navigated to manage users
[INFO ] 2023-10-29 17:17:59.600 [main] FastParkingAdmin - Counting the total number of users registered in app.
[INFO ] 2023-10-29 17:30:44.624 [main] FastParkingAdmin - Verify total registered user count Starting//////////
[INFO ] 2023-10-29 17:30:44.625 [main] FastParkingAdmin - Logging in admin
[INFO ] 2023-10-29 17:30:45.293 [main] FastParkingAdmin - Login success
[INFO ] 2023-10-29 17:30:55.349 [main] FastParkingAdmin - Navigated to manage users
[INFO ] 2023-10-29 17:30:55.351 [main] FastParkingAdmin - Counting the total number of users registered in app.
[INFO ] 2023-10-29 17:31:41.815 [main] FastParkingAdmin - Verify total registered user count Starting//////////
[INFO ] 2023-10-29 17:31:41.817 [main] FastParkingAdmin - Logging in admin
[INFO ] 2023-10-29 17:31:42.477 [main] FastParkingAdmin - Login success
[INFO ] 2023-10-29 17:31:44.851 [main] FastParkingAdmin - Navigated to manage users
[INFO ] 2023-10-29 17:31:44.852 [main] FastParkingAdmin - Counting the total number of users registered in app.
[INFO ] 2023-10-29 17:35:11.838 [main] FastParkingAdmin - Verify total registered user count Starting//////////
[INFO ] 2023-10-29 17:35:11.841 [main] FastParkingAdmin - Logging in admin
[INFO ] 2023-10-29 17:35:12.528 [main] FastParkingAdmin - Login success
[INFO ] 2023-10-29 17:35:15.048 [main] FastParkingAdmin - Navigated to manage users
[INFO ] 2023-10-29 17:35:15.049 [main] FastParkingAdmin - Counting the total number of users registered in app.
[INFO ] 2023-10-29 17:36:35.070 [main] FastParkingAdmin - Verify total registered user count Starting//////////
[INFO ] 2023-10-29 17:36:35.072 [main] FastParkingAdmin - Logging in admin
[INFO ] 2023-10-29 17:36:35.724 [main] FastParkingAdmin - Login success
[INFO ] 2023-10-29 17:36:38.345 [main] FastParkingAdmin - Navigated to manage users
[INFO ] 2023-10-29 17:36:38.346 [main] FastParkingAdmin - Counting the total number of users registered in app.
[INFO ] 2023-10-29 17:38:10.528 [main] FastParkingAdmin - Verify total registered user count Starting//////////
[INFO ] 2023-10-29 17:38:10.531 [main] FastParkingAdmin - Logging in admin
[INFO ] 2023-10-29 17:38:11.296 [main] FastParkingAdmin - Login success
[INFO ] 2023-10-29 17:38:13.937 [main] FastParkingAdmin - Navigated to manage users
[INFO ] 2023-10-29 17:38:13.937 [main] FastParkingAdmin - Counting the total number of users registered in app.
[INFO ] 2023-10-29 17:39:43.787 [main] FastParkingAdmin - Verify total registered user count Starting//////////
[INFO ] 2023-10-29 17:39:43.788 [main] FastParkingAdmin - Logging in admin
[INFO ] 2023-10-29 17:39:44.143 [main] FastParkingAdmin - Login success
[INFO ] 2023-10-29 17:39:46.241 [main] FastParkingAdmin - Navigated to manage users
[INFO ] 2023-10-29 17:39:46.242 [main] FastParkingAdmin - Counting the total number of users registered in app.
[INFO ] 2023-10-29 17:41:36.411 [main] FastParkingAdmin - Verify total registered user count Starting//////////
[INFO ] 2023-10-29 17:41:36.413 [main] FastParkingAdmin - Logging in admin
[INFO ] 2023-10-29 17:41:36.742 [main] FastParkingAdmin - Login success
[INFO ] 2023-10-29 17:41:38.696 [main] FastParkingAdmin - Navigated to manage users
[INFO ] 2023-10-29 17:41:38.697 [main] FastParkingAdmin - Counting the total number of users registered in app.
[INFO ] 2023-10-29 17:44:30.605 [main] FastParkingAdmin - Verify total registered user count Starting//////////
[INFO ] 2023-10-29 17:44:30.605 [main] FastParkingAdmin - Logging in admin
[INFO ] 2023-10-29 17:44:30.964 [main] FastParkingAdmin - Login success
[INFO ] 2023-10-29 17:44:32.823 [main] FastParkingAdmin - Navigated to manage users
[INFO ] 2023-10-29 17:44:32.823 [main] FastParkingAdmin - Counting the total number of users registered in app.
[INFO ] 2023-10-29 17:48:39.450 [main] FastParkingAdmin - Verify total registered user count Starting//////////
[INFO ] 2023-10-29 17:48:39.453 [main] FastParkingAdmin - Logging in admin
[INFO ] 2023-10-29 17:48:39.830 [main] FastParkingAdmin - Login success
[INFO ] 2023-10-29 17:48:41.724 [main] FastParkingAdmin - Navigated to manage users
[INFO ] 2023-10-29 17:48:41.724 [main] FastParkingAdmin - Counting the total number of users registered in app.
